<?xml version="1.0" encoding="UTF-8"?>
<testsuite name="TicTacToeTest" tests="1" skipped="0" failures="0" errors="0" timestamp="2020-10-21T21:28:07" hostname="DESKTOP-S92FCO8" time="3.683">
  <properties/>
  <testcase name="start" classname="TicTacToeTest" time="3.683"/>
  <system-out><![CDATA[?[1;31m
Start test 1?[0m
---------
| _ _ _ |
| _ _ _ |
| _ _ _ |
---------
Enter the coordinates: > 2 1
---------
| _ _ _ |
| _ _ _ |
| _ X _ |
---------
Enter the coordinates: > 2 4
Coordinates should be from 1 to 3!
---------
| _ _ _ |
| _ _ _ |
| _ X _ |
---------
Enter the coordinates: > 4 3
Coordinates should be from 1 to 3!
---------
| _ _ _ |
| _ _ _ |
| _ X _ |
---------
Enter the coordinates: > 4 1
Coordinates should be from 1 to 3!
---------
| _ _ _ |
| _ _ _ |
| _ X _ |
---------
Enter the coordinates: > 4 4
Coordinates should be from 1 to 3!
---------
| _ _ _ |
| _ _ _ |
| _ X _ |
---------
Enter the coordinates: > 3 2
---------
| _ _ _ |
| _ _ O |
| _ X _ |
---------
Enter the coordinates: > 3 1
---------
| _ _ _ |
| _ _ O |
| _ X X |
---------
Enter the coordinates: > 4 4
Coordinates should be from 1 to 3!
---------
| _ _ _ |
| _ _ O |
| _ X X |
---------
Enter the coordinates: > 1 4
Coordinates should be from 1 to 3!
---------
| _ _ _ |
| _ _ O |
| _ X X |
---------
Enter the coordinates: > 4 1
Coordinates should be from 1 to 3!
---------
| _ _ _ |
| _ _ O |
| _ X X |
---------
Enter the coordinates: > 1 1
---------
| _ _ _ |
| _ _ O |
| O X X |
---------
Enter the coordinates: > 1 2
---------
| _ _ _ |
| X _ O |
| O X X |
---------
Enter the coordinates: > 1 3
---------
| O _ _ |
| X _ O |
| O X X |
---------
Enter the coordinates: > 2 1
This cell is occupied! Choose another one!
---------
| O _ _ |
| X _ O |
| O X X |
---------
Enter the coordinates: > 2 2
---------
| O _ _ |
| X X O |
| O X X |
---------
Enter the coordinates: > 2 3
---------
| O O _ |
| X X O |
| O X X |
---------
Enter the coordinates: > 3 1
This cell is occupied! Choose another one!
---------
| O O _ |
| X X O |
| O X X |
---------
Enter the coordinates: > 3 2
This cell is occupied! Choose another one!
---------
| O O _ |
| X X O |
| O X X |
---------
Enter the coordinates: > 3 3
---------
| O O X |
| X X O |
| O X X |
---------
Draw
?[1;31m
Start test 2?[0m
---------
| _ _ _ |
| _ _ _ |
| _ _ _ |
---------
Enter the coordinates: > 4 1
Coordinates should be from 1 to 3!
---------
| _ _ _ |
| _ _ _ |
| _ _ _ |
---------
Enter the coordinates: > 1 1
---------
| _ _ _ |
| _ _ _ |
| X _ _ |
---------
Enter the coordinates: > 4 4
Coordinates should be from 1 to 3!
---------
| _ _ _ |
| _ _ _ |
| X _ _ |
---------
Enter the coordinates: > 2 3
---------
| _ O _ |
| _ _ _ |
| X _ _ |
---------
Enter the coordinates: > 1 4
Coordinates should be from 1 to 3!
---------
| _ O _ |
| _ _ _ |
| X _ _ |
---------
Enter the coordinates: > 3 4
Coordinates should be from 1 to 3!
---------
| _ O _ |
| _ _ _ |
| X _ _ |
---------
Enter the coordinates: > 1 2
---------
| _ O _ |
| X _ _ |
| X _ _ |
---------
Enter the coordinates: > 2 2
---------
| _ O _ |
| X O _ |
| X _ _ |
---------
Enter the coordinates: > 4 2
Coordinates should be from 1 to 3!
---------
| _ O _ |
| X O _ |
| X _ _ |
---------
Enter the coordinates: > 2 2
This cell is occupied! Choose another one!
---------
| _ O _ |
| X O _ |
| X _ _ |
---------
Enter the coordinates: > 3 4
Coordinates should be from 1 to 3!
---------
| _ O _ |
| X O _ |
| X _ _ |
---------
Enter the coordinates: > 1 2
This cell is occupied! Choose another one!
---------
| _ O _ |
| X O _ |
| X _ _ |
---------
Enter the coordinates: > 1 3
---------
| X O _ |
| X O _ |
| X _ _ |
---------
X wins
?[1;31m
Start test 3?[0m
---------
| _ _ _ |
| _ _ _ |
| _ _ _ |
---------
Enter the coordinates: > 2 2
---------
| _ _ _ |
| _ X _ |
| _ _ _ |
---------
Enter the coordinates: > 4 3
Coordinates should be from 1 to 3!
---------
| _ _ _ |
| _ X _ |
| _ _ _ |
---------
Enter the coordinates: > 2 1
---------
| _ _ _ |
| _ X _ |
| _ O _ |
---------
Enter the coordinates: > 1 3
---------
| X _ _ |
| _ X _ |
| _ O _ |
---------
Enter the coordinates: > 1 2
---------
| X _ _ |
| O X _ |
| _ O _ |
---------
Enter the coordinates: > 2 4
Coordinates should be from 1 to 3!
---------
| X _ _ |
| O X _ |
| _ O _ |
---------
Enter the coordinates: > 2 1
This cell is occupied! Choose another one!
---------
| X _ _ |
| O X _ |
| _ O _ |
---------
Enter the coordinates: > 3 2
---------
| X _ _ |
| O X X |
| _ O _ |
---------
Enter the coordinates: > 1 1
---------
| X _ _ |
| O X X |
| O O _ |
---------
Enter the coordinates: > 2 4
Coordinates should be from 1 to 3!
---------
| X _ _ |
| O X X |
| O O _ |
---------
Enter the coordinates: > 1 3
This cell is occupied! Choose another one!
---------
| X _ _ |
| O X X |
| O O _ |
---------
Enter the coordinates: > 2 1
This cell is occupied! Choose another one!
---------
| X _ _ |
| O X X |
| O O _ |
---------
Enter the coordinates: > 2 2
This cell is occupied! Choose another one!
---------
| X _ _ |
| O X X |
| O O _ |
---------
Enter the coordinates: > 2 3
---------
| X X _ |
| O X X |
| O O _ |
---------
Enter the coordinates: > 3 1
---------
| X X _ |
| O X X |
| O O O |
---------
O wins
?[1;31m
Start test 4?[0m
---------
| _ _ _ |
| _ _ _ |
| _ _ _ |
---------
Enter the coordinates: > 4 3
Coordinates should be from 1 to 3!
---------
| _ _ _ |
| _ _ _ |
| _ _ _ |
---------
Enter the coordinates: > 4 3
Coordinates should be from 1 to 3!
---------
| _ _ _ |
| _ _ _ |
| _ _ _ |
---------
Enter the coordinates: > 1 1
---------
| _ _ _ |
| _ _ _ |
| X _ _ |
---------
Enter the coordinates: > 2 2
---------
| _ _ _ |
| _ O _ |
| X _ _ |
---------
Enter the coordinates: > 3 3
---------
| _ _ X |
| _ O _ |
| X _ _ |
---------
Enter the coordinates: > 2 4
Coordinates should be from 1 to 3!
---------
| _ _ X |
| _ O _ |
| X _ _ |
---------
Enter the coordinates: > 3 1
---------
| _ _ X |
| _ O _ |
| X _ O |
---------
Enter the coordinates: > 1 1
This cell is occupied! Choose another one!
---------
| _ _ X |
| _ O _ |
| X _ O |
---------
Enter the coordinates: > 2 2
This cell is occupied! Choose another one!
---------
| _ _ X |
| _ O _ |
| X _ O |
---------
Enter the coordinates: > 4 3
Coordinates should be from 1 to 3!
---------
| _ _ X |
| _ O _ |
| X _ O |
---------
Enter the coordinates: > 1 3
---------
| X _ X |
| _ O _ |
| X _ O |
---------
Enter the coordinates: > 2 1
---------
| X _ X |
| _ O _ |
| X O O |
---------
Enter the coordinates: > 2 2
This cell is occupied! Choose another one!
---------
| X _ X |
| _ O _ |
| X O O |
---------
Enter the coordinates: > 2 3
---------
| X X X |
| _ O _ |
| X O O |
---------
X wins
?[1;31m
Start test 5?[0m
---------
| _ _ _ |
| _ _ _ |
| _ _ _ |
---------
Enter the coordinates: > 3 2
---------
| _ _ _ |
| _ _ X |
| _ _ _ |
---------
Enter the coordinates: > 2 1
---------
| _ _ _ |
| _ _ X |
| _ O _ |
---------
Enter the coordinates: > 4 2
Coordinates should be from 1 to 3!
---------
| _ _ _ |
| _ _ X |
| _ O _ |
---------
Enter the coordinates: > 1 2
---------
| _ _ _ |
| X _ X |
| _ O _ |
---------
Enter the coordinates: > 3 3
---------
| _ _ O |
| X _ X |
| _ O _ |
---------
Enter the coordinates: > 3 3
This cell is occupied! Choose another one!
---------
| _ _ O |
| X _ X |
| _ O _ |
---------
Enter the coordinates: > 1 2
This cell is occupied! Choose another one!
---------
| _ _ O |
| X _ X |
| _ O _ |
---------
Enter the coordinates: > 2 3
---------
| _ X O |
| X _ X |
| _ O _ |
---------
Enter the coordinates: > 3 4
Coordinates should be from 1 to 3!
---------
| _ X O |
| X _ X |
| _ O _ |
---------
Enter the coordinates: > 3 1
---------
| _ X O |
| X _ X |
| _ O O |
---------
Enter the coordinates: > 2 2
---------
| _ X O |
| X X X |
| _ O O |
---------
X wins
?[1;31m
Start test 6?[0m
---------
| _ _ _ |
| _ _ _ |
| _ _ _ |
---------
Enter the coordinates: > 4 5
Coordinates should be from 1 to 3!
---------
| _ _ _ |
| _ _ _ |
| _ _ _ |
---------
Enter the coordinates: > 2 1
---------
| _ _ _ |
| _ _ _ |
| _ X _ |
---------
Enter the coordinates: > 2 2
---------
| _ _ _ |
| _ O _ |
| _ X _ |
---------
Enter the coordinates: > 3 3
---------
| _ _ X |
| _ O _ |
| _ X _ |
---------
Enter the coordinates: > 1 2
---------
| _ _ X |
| O O _ |
| _ X _ |
---------
Enter the coordinates: > 3 4
Coordinates should be from 1 to 3!
---------
| _ _ X |
| O O _ |
| _ X _ |
---------
Enter the coordinates: > 4 2
Coordinates should be from 1 to 3!
---------
| _ _ X |
| O O _ |
| _ X _ |
---------
Enter the coordinates: > 2 4
Coordinates should be from 1 to 3!
---------
| _ _ X |
| O O _ |
| _ X _ |
---------
Enter the coordinates: > 2 2
This cell is occupied! Choose another one!
---------
| _ _ X |
| O O _ |
| _ X _ |
---------
Enter the coordinates: > 4 3
Coordinates should be from 1 to 3!
---------
| _ _ X |
| O O _ |
| _ X _ |
---------
Enter the coordinates: > 4 4
Coordinates should be from 1 to 3!
---------
| _ _ X |
| O O _ |
| _ X _ |
---------
Enter the coordinates: > 2 3
---------
| _ X X |
| O O _ |
| _ X _ |
---------
Enter the coordinates: > 3 1
---------
| _ X X |
| O O _ |
| _ X O |
---------
Enter the coordinates: > 3 2
---------
| _ X X |
| O O X |
| _ X O |
---------
Enter the coordinates: > 3 3
This cell is occupied! Choose another one!
---------
| _ X X |
| O O X |
| _ X O |
---------
Enter the coordinates: > 1 1
---------
| _ X X |
| O O X |
| O X O |
---------
Enter the coordinates: > 1 2
This cell is occupied! Choose another one!
---------
| _ X X |
| O O X |
| O X O |
---------
Enter the coordinates: > 1 3
---------
| X X X |
| O O X |
| O X O |
---------
X wins
?[1;31m
Start test 7?[0m
---------
| _ _ _ |
| _ _ _ |
| _ _ _ |
---------
Enter the coordinates: > 3 3
---------
| _ _ X |
| _ _ _ |
| _ _ _ |
---------
Enter the coordinates: > 3 2
---------
| _ _ X |
| _ _ O |
| _ _ _ |
---------
Enter the coordinates: > 1 1
---------
| _ _ X |
| _ _ O |
| X _ _ |
---------
Enter the coordinates: > 3 3
This cell is occupied! Choose another one!
---------
| _ _ X |
| _ _ O |
| X _ _ |
---------
Enter the coordinates: > 1 1
This cell is occupied! Choose another one!
---------
| _ _ X |
| _ _ O |
| X _ _ |
---------
Enter the coordinates: > 1 3
---------
| O _ X |
| _ _ O |
| X _ _ |
---------
Enter the coordinates: > 2 3
---------
| O X X |
| _ _ O |
| X _ _ |
---------
Enter the coordinates: > 3 2
This cell is occupied! Choose another one!
---------
| O X X |
| _ _ O |
| X _ _ |
---------
Enter the coordinates: > 3 1
---------
| O X X |
| _ _ O |
| X _ O |
---------
Enter the coordinates: > 2 1
---------
| O X X |
| _ _ O |
| X X O |
---------
Enter the coordinates: > 3 1
This cell is occupied! Choose another one!
---------
| O X X |
| _ _ O |
| X X O |
---------
Enter the coordinates: > 3 2
This cell is occupied! Choose another one!
---------
| O X X |
| _ _ O |
| X X O |
---------
Enter the coordinates: > 3 3
This cell is occupied! Choose another one!
---------
| O X X |
| _ _ O |
| X X O |
---------
Enter the coordinates: > 1 1
This cell is occupied! Choose another one!
---------
| O X X |
| _ _ O |
| X X O |
---------
Enter the coordinates: > 1 2
---------
| O X X |
| O _ O |
| X X O |
---------
Enter the coordinates: > 1 3
This cell is occupied! Choose another one!
---------
| O X X |
| O _ O |
| X X O |
---------
Enter the coordinates: > 2 1
This cell is occupied! Choose another one!
---------
| O X X |
| O _ O |
| X X O |
---------
Enter the coordinates: > 2 2
---------
| O X X |
| O X O |
| X X O |
---------
X wins
?[1;31m
Start test 8?[0m
---------
| _ _ _ |
| _ _ _ |
| _ _ _ |
---------
Enter the coordinates: > 4 7
Coordinates should be from 1 to 3!
---------
| _ _ _ |
| _ _ _ |
| _ _ _ |
---------
Enter the coordinates: > 3 1
---------
| _ _ _ |
| _ _ _ |
| _ _ X |
---------
Enter the coordinates: > 4 1
Coordinates should be from 1 to 3!
---------
| _ _ _ |
| _ _ _ |
| _ _ X |
---------
Enter the coordinates: > 4 3
Coordinates should be from 1 to 3!
---------
| _ _ _ |
| _ _ _ |
| _ _ X |
---------
Enter the coordinates: > 2 3
---------
| _ O _ |
| _ _ _ |
| _ _ X |
---------
Enter the coordinates: > 2 4
Coordinates should be from 1 to 3!
---------
| _ O _ |
| _ _ _ |
| _ _ X |
---------
Enter the coordinates: > 2 2
---------
| _ O _ |
| _ X _ |
| _ _ X |
---------
Enter the coordinates: > 2 3
This cell is occupied! Choose another one!
---------
| _ O _ |
| _ X _ |
| _ _ X |
---------
Enter the coordinates: > 4 4
Coordinates should be from 1 to 3!
---------
| _ O _ |
| _ X _ |
| _ _ X |
---------
Enter the coordinates: > 2 2
This cell is occupied! Choose another one!
---------
| _ O _ |
| _ X _ |
| _ _ X |
---------
Enter the coordinates: > 3 4
Coordinates should be from 1 to 3!
---------
| _ O _ |
| _ X _ |
| _ _ X |
---------
Enter the coordinates: > 3 2
---------
| _ O _ |
| _ X O |
| _ _ X |
---------
Enter the coordinates: > 3 3
---------
| _ O X |
| _ X O |
| _ _ X |
---------
Enter the coordinates: > 1 1
---------
| _ O X |
| _ X O |
| O _ X |
---------
Enter the coordinates: > 1 2
---------
| _ O X |
| X X O |
| O _ X |
---------
Enter the coordinates: > 1 3
---------
| O O X |
| X X O |
| O _ X |
---------
Enter the coordinates: > 2 1
---------
| O O X |
| X X O |
| O X X |
---------
Draw
?[1;31m
Start test 9?[0m
---------
| _ _ _ |
| _ _ _ |
| _ _ _ |
---------
Enter the coordinates: > 3 1
---------
| _ _ _ |
| _ _ _ |
| _ _ X |
---------
Enter the coordinates: > 2 3
---------
| _ O _ |
| _ _ _ |
| _ _ X |
---------
Enter the coordinates: > 2 1
---------
| _ O _ |
| _ _ _ |
| _ X X |
---------
Enter the coordinates: > 1 2
---------
| _ O _ |
| O _ _ |
| _ X X |
---------
Enter the coordinates: > 3 4
Coordinates should be from 1 to 3!
---------
| _ O _ |
| O _ _ |
| _ X X |
---------
Enter the coordinates: > 3 1
This cell is occupied! Choose another one!
---------
| _ O _ |
| O _ _ |
| _ X X |
---------
Enter the coordinates: > 1 3
---------
| X O _ |
| O _ _ |
| _ X X |
---------
Enter the coordinates: > 3 1
This cell is occupied! Choose another one!
---------
| X O _ |
| O _ _ |
| _ X X |
---------
Enter the coordinates: > 3 4
Coordinates should be from 1 to 3!
---------
| X O _ |
| O _ _ |
| _ X X |
---------
Enter the coordinates: > 1 3
This cell is occupied! Choose another one!
---------
| X O _ |
| O _ _ |
| _ X X |
---------
Enter the coordinates: > 3 3
---------
| X O O |
| O _ _ |
| _ X X |
---------
Enter the coordinates: > 1 1
---------
| X O O |
| O _ _ |
| X X X |
---------
X wins
]]></system-out>
  <system-err><![CDATA[]]></system-err>
</testsuite>
